[ 2015-12-10T11:38:15+08:00 ] ::1 /jkb_shopping/Public/public1/admin/css/admin_main/images/bgline.gif
ERR: 无法加载模块:Public

[ 2015-12-10T11:38:46+08:00 ] ::1 /jkb_shopping/Public/public1/admin/css/admin_goods/images/bgline.gif
ERR: 无法加载模块:Public

[ 2015-12-10T11:38:56+08:00 ] ::1 /jkb_shopping/Public/public1/admin/css/admin_main/images/bgline.gif
ERR: 无法加载模块:Public

[ 2015-12-10T11:39:00+08:00 ] ::1 /jkb_shopping/Public/public1/admin/css/admin_goods/images/bgline.gif
ERR: 无法加载模块:Public

[ 2015-12-10T11:40:09+08:00 ] ::1 /jkb_shopping/Public/public1/admin/css/admin_main/images/bgline.gif
ERR: 无法加载模块:Public

[ 2015-12-10T11:40:39+08:00 ] ::1 /jkb_shopping/Public/public1/admin/css/admin_goods/images/bgline.gif
ERR: 无法加载模块:Public

[ 2015-12-10T12:02:52+08:00 ] ::1 /jkb_shopping/Public/public1/admin/css/admin_main/images/bgline.gif
ERR: 无法加载模块:Public

[ 2015-12-10T12:03:13+08:00 ] ::1 /jkb_shopping/Public/public1/admin/css/admin_goods/images/bgline.gif
ERR: 无法加载模块:Public

[ 2015-12-10T12:05:32+08:00 ] ::1 /jkb_shopping/Public/public1/admin/css/admin_main/images/bgline.gif
ERR: 无法加载模块:Public

[ 2015-12-10T12:08:32+08:00 ] ::1 /jkb_shopping/Public/public1/admin/css/admin_goods/images/bgline.gif
ERR: 无法加载模块:Public

[ 2015-12-10T12:09:22+08:00 ] ::1 /jkb_shopping/Public/public1/admin/css/admin_main/images/bgline.gif
ERR: 无法加载模块:Public

[ 2015-12-10T12:09:52+08:00 ] ::1 /jkb_shopping/Public/public1/admin/css/admin_goods/images/bgline.gif
ERR: 无法加载模块:Public

[ 2015-12-10T12:10:05+08:00 ] ::1 /jkb_shopping/Public/public1/admin/css/admin_main/images/bgline.gif
ERR: 无法加载模块:Public

[ 2015-12-10T12:10:25+08:00 ] ::1 /jkb_shopping/Public/public1/admin/css/admin_goods/images/bgline.gif
ERR: 无法加载模块:Public

[ 2015-12-10T12:11:33+08:00 ] ::1 /jkb_shopping/Public/public1/admin/css/admin_main/images/bgline.gif
ERR: 无法加载模块:Public

[ 2015-12-10T12:12:51+08:00 ] ::1 /jkb_shopping/Public/public1/admin/css/admin_goods/images/bgline.gif
ERR: 无法加载模块:Public

[ 2015-12-10T12:13:13+08:00 ] ::1 /jkb_shopping/Public/public1/admin/css/admin_main/images/bgline.gif
ERR: 无法加载模块:Public

[ 2015-12-10T12:13:40+08:00 ] ::1 /jkb_shopping/Public/public1/admin/css/admin_goods/images/bgline.gif
ERR: 无法加载模块:Public

[ 2015-12-10T12:14:13+08:00 ] ::1 /jkb_shopping/Public/public1/admin/css/admin_main/images/bgline.gif
ERR: 无法加载模块:Public

[ 2015-12-10T12:15:13+08:00 ] ::1 /jkb_shopping/Public/public1/admin/css/admin_goods/images/bgline.gif
ERR: 无法加载模块:Public

[ 2015-12-10T12:15:52+08:00 ] ::1 /jkb_shopping/Public/public1/admin/css/admin_main/images/bgline.gif
ERR: 无法加载模块:Public

[ 2015-12-10T12:17:13+08:00 ] ::1 /jkb_shopping/Public/public1/admin/css/admin_goods/images/bgline.gif
ERR: 无法加载模块:Public

[ 2015-12-10T12:19:23+08:00 ] ::1 /jkb_shopping/Public/public1/admin/css/admin_main/images/bgline.gif
ERR: 无法加载模块:Public

[ 2015-12-10T12:20:30+08:00 ] ::1 /jkb_shopping/Public/public1/admin/css/admin_goods/images/bgline.gif
ERR: 无法加载模块:Public

[ 2015-12-10T12:21:09+08:00 ] ::1 /jkb_shopping/Public/public1/admin/css/admin_main/images/bgline.gif
ERR: 无法加载模块:Public

[ 2015-12-10T12:21:37+08:00 ] ::1 /jkb_shopping/Public/public1/admin/css/admin_goods/images/bgline.gif
ERR: 无法加载模块:Public

[ 2015-12-10T12:23:38+08:00 ] ::1 /jkb_shopping/Public/public1/admin/css/admin_main/images/bgline.gif
ERR: 无法加载模块:Public

[ 2015-12-10T12:23:41+08:00 ] ::1 /jkb_shopping/Public/public1/admin/css/admin_goods/images/bgline.gif
ERR: 无法加载模块:Public

[ 2015-12-10T12:23:53+08:00 ] ::1 /jkb_shopping/Public/public1/admin/css/admin_goods/images/bgline.gif
ERR: 无法加载模块:Public

[ 2015-12-10T12:23:57+08:00 ] ::1 /jkb_shopping/Public/public1/admin/css/admin_goods/images/bgline.gif
ERR: 无法加载模块:Public

[ 2015-12-10T12:24:45+08:00 ] ::1 /jkb_shopping/Public/public1/admin/css/admin_goods/images/bgline.gif
ERR: 无法加载模块:Public

[ 2015-12-10T12:24:50+08:00 ] ::1 /jkb_shopping/Public/public1/admin/css/admin_main/images/bgline.gif
ERR: 无法加载模块:Public

[ 2015-12-10T12:24:54+08:00 ] ::1 /jkb_shopping/Public/public1/admin/css/admin_goods/images/bgline.gif
ERR: 无法加载模块:Public

[ 2015-12-10T12:25:00+08:00 ] ::1 /jkb_shopping/Public/public1/admin/css/admin_goods/images/bgline.gif
ERR: 无法加载模块:Public

[ 2015-12-10T12:26:27+08:00 ] ::1 /jkb_shopping/Public/public1/admin/css/admin_goods/images/bgline.gif
ERR: 无法加载模块:Public

[ 2015-12-10T12:27:16+08:00 ] ::1 /jkb_shopping/Public/public1/admin/css/admin_main/images/bgline.gif
ERR: 无法加载模块:Public

[ 2015-12-10T12:27:21+08:00 ] ::1 /jkb_shopping/Public/public1/admin/css/admin_goods/images/bgline.gif
ERR: 无法加载模块:Public

[ 2015-12-10T12:27:29+08:00 ] ::1 /jkb_shopping/Public/public1/admin/css/admin_main/images/bgline.gif
ERR: 无法加载模块:Public

[ 2015-12-10T12:27:32+08:00 ] ::1 /jkb_shopping/Public/public1/admin/css/images/bgline.gif
ERR: 无法加载模块:Public

[ 2015-12-10T12:27:39+08:00 ] ::1 /jkb_shopping/Public/public1/admin/css/admin_main/images/bgline.gif
ERR: 无法加载模块:Public

[ 2015-12-10T12:28:57+08:00 ] ::1 /jkb_shopping/public/public1/index/css/img/mix-icon.png
ERR: 无法加载模块:Public

[ 2015-12-10T12:38:45+08:00 ] ::1 /jkb_shopping/index.php/public/public1/index/css/pay_join/common.css
ERR: 无法加载模块:Public

[ 2015-12-10T12:38:45+08:00 ] ::1 /jkb_shopping/index.php/public/public1/index/css/pay_join/cart.css
ERR: 无法加载模块:Public

[ 2015-12-10T12:38:55+08:00 ] ::1 /jkb_shopping/index.php/public/public1/index/css/pay_join/common.css
ERR: 无法加载模块:Public

[ 2015-12-10T12:38:55+08:00 ] ::1 /jkb_shopping/index.php/public/public1/index/css/pay_join/cart.css
ERR: 无法加载模块:Public

[ 2015-12-10T12:39:10+08:00 ] ::1 /jkb_shopping/public/public1/index/css/img/mix-icon.png
ERR: 无法加载模块:Public

[ 2015-12-10T12:40:17+08:00 ] ::1 /jkb_shopping/public/public1/index/css/img/mix-icon.png
ERR: 无法加载模块:Public

[ 2015-12-10T12:40:22+08:00 ] ::1 /jkb_shopping/public/public1/index/css/img/mix-icon.png
ERR: 无法加载模块:Public

[ 2015-12-10T12:41:30+08:00 ] ::1 /jkb_shopping/public/public1/index/css/img/mix-icon.png
ERR: 无法加载模块:Public

[ 2015-12-10T12:43:20+08:00 ] ::1 /jkb_shopping/public/public1/index/css/img/mix-icon.png
ERR: 无法加载模块:Public

[ 2015-12-10T12:43:48+08:00 ] ::1 /jkb_shopping/public/public1/index/css/img/mix-icon.png
ERR: 无法加载模块:Public

[ 2015-12-10T14:37:03+08:00 ] ::1 /jkb_shopping/public/public1/index/css/img/mix-icon.png
ERR: 无法加载模块:Public

[ 2015-12-10T14:37:10+08:00 ] ::1 /jkb_shopping/public/public1/index/css/img/mix-icon.png
ERR: 无法加载模块:Public

[ 2015-12-10T20:39:26+08:00 ] ::1 /jkb_shopping/Public/public1/index/css/img/mix-icon.png
ERR: 无法加载模块:Public

[ 2015-12-10T20:40:09+08:00 ] ::1 /jkb_shopping/Public/public1/index/css/img/mix-icon.png
ERR: 无法加载模块:Public

